#
# There is insufficient memory for the Java Runtime Environment to continue.
# Native memory allocation (mmap) failed to map 134217728 bytes for Failed to commit area from 0x0000000081600000 to 0x0000000089600000 of length 134217728.
# Possible reasons:
#   The system is out of physical RAM or swap space
#   The process is running with CompressedOops enabled, and the Java Heap may be blocking the growth of the native heap
# Possible solutions:
#   Reduce memory load on the system
#   Increase physical memory or swap space
#   Check if swap backing store is full
#   Decrease Java heap size (-Xmx/-Xms)
#   Decrease number of Java threads
#   Decrease Java thread stack sizes (-Xss)
#   Set larger code cache with -XX:ReservedCodeCacheSize=
# This output file may be truncated or incomplete.
#
#  Out of Memory Error (./src/hotspot/os/windows/os_windows.cpp:3303), pid=14096, tid=14004
#
# JRE version:  (11.0.7+10) (build )
# Java VM: OpenJDK 64-Bit Server VM (11.0.7+10, mixed mode, sharing, tiered, compressed oops, g1 gc, windows-amd64)
# No core dump will be written. Minidumps are not enabled by default on client versions of Windows
#

---------------  S U M M A R Y ------------

Command Line: -Dfile.encoding=UTF-8 com.tts.mapapi.DemoApplication

Host: Intel(R) Core(TM) i5-4310U CPU @ 2.00GHz, 4 cores, 7G,  Windows 10 , 64 bit Build 18362 (10.0.18362.959)
Time: Tue Aug  4 14:19:20 2020 Eastern Daylight Time elapsed time: 0 seconds (0d 0h 0m 0s)

---------------  T H R E A D  ---------------

Current thread (0x000001ebba53d800):  JavaThread "Unknown thread" [_thread_in_vm, id=14004, stack(0x000000388e600000,0x000000388e700000)]

Stack: [0x000000388e600000,0x000000388e700000]
Native frames: (J=compiled Java code, j=interpreted, Vv=VM code, C=native code)
V  [jvm.dll+0x5dec5a]
V  [jvm.dll+0x71671e]
V  [jvm.dll+0x717def]
V  [jvm.dll+0x7184b3]
V  [jvm.dll+0x2409b8]
V  [jvm.dll+0x5dbf1a]
V  [jvm.dll+0x5d0c05]
V  [jvm.dll+0x2f614c]
V  [jvm.dll+0x2f5fd2]
V  [jvm.dll+0x2fac86]
V  [jvm.dll+0x33eb4f]
V  [jvm.dll+0x33e580]
V  [jvm.dll+0x2d3518]
V  [jvm.dll+0x2d4666]
V  [jvm.dll+0x6f2437]
V  [jvm.dll+0x6f3bbf]
V  [jvm.dll+0x34b8d9]
V  [jvm.dll+0x6d5aa0]
V  [jvm.dll+0x3b2c8f]
V  [jvm.dll+0x3b4f41]
C  [jli.dll+0x51fb]
C  [ucrtbase.dll+0x20e82]
C  [KERNEL32.DLL+0x17bd4]
C  [ntdll.dll+0x6ce51]


---------------  P R O C E S S  ---------------

Threads class SMR info:
_java_thread_list=0x000001ebb8495310, length=0, elements={
}

Java Threads: ( => current thread )

Other Threads:
  0x000001ebba556800 GCTaskThread "GC Thread#0" [stack: 0x000000388e700000,0x000000388e800000] [id=13160]
  0x000001ebba587800 ConcurrentGCThread "G1 Main Marker" [stack: 0x000000388e800000,0x000000388e900000] [id=9240]
  0x000001ebba589000 ConcurrentGCThread "G1 Conc#0" [stack: 0x000000388e900000,0x000000388ea00000] [id=11900]

[error occurred during error reporting (printing all threads), id 0xc0000005, EXCEPTION_ACCESS_VIOLATION (0xc0000005) at pc=0x00007ffc096f2b67]

VM state:not at safepoint (not fully initialized)

VM Mutex/Monitor currently owned by a thread:  ([mutex/lock_event])
[0x000001ebba53a080] Heap_lock - owner thread: 0x000001ebba53d800

Heap address: 0x0000000081600000, size: 2026 MB, Compressed Oops mode: Non-zero based: 0x0000000081600000
Narrow klass base: 0x0000000000000000, Narrow klass shift: 0

GC Heap History (0 events):
No events

Deoptimization events (0 events):
No events

Classes redefined (0 events):
No events

Internal exceptions (0 events):
No events

Events (2 events):
Event: 0.007 Loaded shared library C:\Program Files\AdoptOpenJDK\jdk-11.0.7.10-hotspot\bin\zip.dll
Event: 0.007 Loaded shared library C:\Program Files\AdoptOpenJDK\jdk-11.0.7.10-hotspot\bin\jimage.dll


Dynamic libraries:
0x00007ff668ec0000 - 0x00007ff668ecd000 	C:\Program Files\AdoptOpenJDK\jdk-11.0.7.10-hotspot\bin\java.exe
0x00007ffc3d260000 - 0x00007ffc3d450000 	C:\WINDOWS\SYSTEM32\ntdll.dll
0x00007ffc3d060000 - 0x00007ffc3d112000 	C:\WINDOWS\System32\KERNEL32.DLL
0x00007ffc3a1e0000 - 0x00007ffc3a484000 	C:\WINDOWS\System32\KERNELBASE.dll
0x00007ffc3a4e0000 - 0x00007ffc3a5da000 	C:\WINDOWS\System32\ucrtbase.dll
0x00007ffc2fa40000 - 0x00007ffc2fa57000 	C:\Program Files\AdoptOpenJDK\jdk-11.0.7.10-hotspot\bin\jli.dll
0x00007ffc2db50000 - 0x00007ffc2db65000 	C:\Program Files\AdoptOpenJDK\jdk-11.0.7.10-hotspot\bin\VCRUNTIME140.dll
0x00007ffc3ccd0000 - 0x00007ffc3ce64000 	C:\WINDOWS\System32\USER32.dll
0x00007ffc3a4b0000 - 0x00007ffc3a4d1000 	C:\WINDOWS\System32\win32u.dll
0x00007ffc327a0000 - 0x00007ffc32a24000 	C:\WINDOWS\WinSxS\amd64_microsoft.windows.common-controls_6595b64144ccf1df_6.0.18362.959_none_e6c7bbbf130c62bb\COMCTL32.dll
0x00007ffc3b310000 - 0x00007ffc3b336000 	C:\WINDOWS\System32\GDI32.dll
0x00007ffc3d180000 - 0x00007ffc3d21e000 	C:\WINDOWS\System32\msvcrt.dll
0x00007ffc3a5e0000 - 0x00007ffc3a776000 	C:\WINDOWS\System32\gdi32full.dll
0x00007ffc3afe0000 - 0x00007ffc3b07e000 	C:\WINDOWS\System32\msvcp_win.dll
0x00007ffc3b490000 - 0x00007ffc3b7c5000 	C:\WINDOWS\System32\combase.dll
0x00007ffc3b8a0000 - 0x00007ffc3b9c0000 	C:\WINDOWS\System32\RPCRT4.dll
0x00007ffc3a7d0000 - 0x00007ffc3a850000 	C:\WINDOWS\System32\bcryptPrimitives.dll
0x00007ffc3ce70000 - 0x00007ffc3ce9e000 	C:\WINDOWS\System32\IMM32.DLL
0x00007ffc2a4a0000 - 0x00007ffc2a53b000 	C:\Program Files\AdoptOpenJDK\jdk-11.0.7.10-hotspot\bin\msvcp140.dll
0x00007ffc09410000 - 0x00007ffc09ecc000 	C:\Program Files\AdoptOpenJDK\jdk-11.0.7.10-hotspot\bin\server\jvm.dll
0x00007ffc3be60000 - 0x00007ffc3bf03000 	C:\WINDOWS\System32\ADVAPI32.dll
0x00007ffc3b800000 - 0x00007ffc3b897000 	C:\WINDOWS\System32\sechost.dll
0x00007ffc3b480000 - 0x00007ffc3b488000 	C:\WINDOWS\System32\PSAPI.DLL
0x00007ffc32f00000 - 0x00007ffc32f24000 	C:\WINDOWS\SYSTEM32\WINMM.dll
0x00007ffc36810000 - 0x00007ffc36819000 	C:\WINDOWS\SYSTEM32\WSOCK32.dll
0x00007ffc2fb00000 - 0x00007ffc2fb0a000 	C:\WINDOWS\SYSTEM32\VERSION.dll
0x00007ffc3bcb0000 - 0x00007ffc3bd1f000 	C:\WINDOWS\System32\WS2_32.dll
0x00007ffc32ed0000 - 0x00007ffc32efd000 	C:\WINDOWS\SYSTEM32\winmmbase.dll
0x00007ffc3a780000 - 0x00007ffc3a7ca000 	C:\WINDOWS\System32\cfgmgr32.dll
0x00007ffc3a120000 - 0x00007ffc3a131000 	C:\WINDOWS\System32\kernel.appcore.dll
0x00007ffc367c0000 - 0x00007ffc367d0000 	C:\Program Files\AdoptOpenJDK\jdk-11.0.7.10-hotspot\bin\verify.dll
0x00007ffc33af0000 - 0x00007ffc33ce4000 	C:\WINDOWS\SYSTEM32\DBGHELP.DLL
0x00007ffc33ac0000 - 0x00007ffc33aea000 	C:\WINDOWS\SYSTEM32\dbgcore.DLL
0x00007ffc2d7f0000 - 0x00007ffc2d818000 	C:\Program Files\AdoptOpenJDK\jdk-11.0.7.10-hotspot\bin\java.dll
0x00007ffc2d910000 - 0x00007ffc2d926000 	C:\Program Files\AdoptOpenJDK\jdk-11.0.7.10-hotspot\bin\zip.dll
0x00007ffc361c0000 - 0x00007ffc361ca000 	C:\Program Files\AdoptOpenJDK\jdk-11.0.7.10-hotspot\bin\jimage.dll

dbghelp: loaded successfully - version: 4.0.5 - missing functions: none
symbol engine: initialized successfully - sym options: 0x614 - pdb path: .;C:\Program Files\AdoptOpenJDK\jdk-11.0.7.10-hotspot\bin;C:\WINDOWS\SYSTEM32;C:\WINDOWS\WinSxS\amd64_microsoft.windows.common-controls_6595b64144ccf1df_6.0.18362.959_none_e6c7bbbf130c62bb;C:\Program Files\AdoptOpenJDK\jdk-11.0.7.10-hotspot\bin\server

VM Arguments:
jvm_args: -Dfile.encoding=UTF-8 
java_command: com.tts.mapapi.DemoApplication
java_class_path (initial): C:\Users\user\AppData\Local\Temp\cp_eh9jbeo2bpj75tt18qbk1y1ii.jar
Launcher Type: SUN_STANDARD

[Global flags]
     intx CICompilerCount                          = 3                                         {product} {ergonomic}
     uint ConcGCThreads                            = 1                                         {product} {ergonomic}
     uint G1ConcRefinementThreads                  = 4                                         {product} {ergonomic}
   size_t G1HeapRegionSize                         = 1048576                                   {product} {ergonomic}
    uintx GCDrainStackTargetSize                   = 64                                        {product} {ergonomic}
   size_t InitialHeapSize                          = 134217728                                 {product} {ergonomic}
   size_t MarkStackSize                            = 4194304                                   {product} {ergonomic}
   size_t MaxHeapSize                              = 2124414976                                {product} {ergonomic}
   size_t MinHeapDeltaBytes                        = 1048576                                   {product} {ergonomic}
    uintx NonNMethodCodeHeapSize                   = 5830732                                {pd product} {ergonomic}
    uintx NonProfiledCodeHeapSize                  = 122913754                              {pd product} {ergonomic}
    uintx ProfiledCodeHeapSize                     = 122913754                              {pd product} {ergonomic}
    uintx ReservedCodeCacheSize                    = 251658240                              {pd product} {ergonomic}
     bool SegmentedCodeCache                       = true                                      {product} {ergonomic}
     bool UseCompressedClassPointers               = true                                 {lp64_product} {ergonomic}
     bool UseCompressedOops                        = true                                 {lp64_product} {ergonomic}
     bool UseG1GC                                  = true                                      {product} {ergonomic}
     bool UseLargePagesIndividualAllocation        = false                                  {pd product} {ergonomic}

Logging:
Log output configuration:
 #0: stdout all=warning uptime,level,tags
 #1: stderr all=off uptime,level,tags

Environment Variables:
JAVA_HOME=C:\Program Files\AdoptOpenJDK\jdk-11.0.7.10-hotspot
PATH=C:\Program Files\AdoptOpenJDK\jdk-11.0.7.10-hotspot\bin;C:\Program Files (x86)\Common Files\Oracle\Java\javapath;C:\ProgramData\Oracle\Java\javapath;C:\WINDOWS\system32;C:\WINDOWS;C:\WINDOWS\System32\Wbem;C:\WINDOWS\System32\WindowsPowerShell\v1.0\;C:\Program Files\Intel\WiFi\bin\;C:\Program Files\Common Files\Intel\WirelessCommon\;C:\Program Files (x86)\Skype\Phone\;C:\WINDOWS\System32\OpenSSH\;C:\Program Files (x86)\AMD\ATI.ACE\Core-Static;C:\Program Files\nodejs\;C:\Users\user\Desktop\apache-maven-3.6.3-bin\apache-maven-3.6.3\bin;C:\Users\user\AppData\Local\Microsoft\WindowsApps;C:\Users\user\AppData\Local\Programs\Git\cmd;C:\Users\user\AppData\Local\Programs\Microsoft VS Code\bin;C:\Users\user\AppData\Roaming\npm
USERNAME=user
OS=Windows_NT
PROCESSOR_IDENTIFIER=Intel64 Family 6 Model 69 Stepping 1, GenuineIntel



---------------  S Y S T E M  ---------------

OS: Windows 10 , 64 bit Build 18362 (10.0.18362.959)
OS uptime: 1 days 14:49 hours

CPU:total 4 (initial active 4) (2 cores per cpu, 2 threads per core) family 6 model 69 stepping 1, cmov, cx8, fxsr, mmx, sse, sse2, sse3, ssse3, sse4.1, sse4.2, popcnt, avx, avx2, aes, clmul, erms, lzcnt, ht, tsc, tscinvbit, bmi1, bmi2, fma

Memory: 4k page, system-wide physical 8097M (1192M free)
TotalPageFile size 10145M (AvailPageFile size 43M)
current process WorkingSet (physical memory assigned to process): 9M, peak: 9M
current process commit charge ("private bytes"): 51M, peak: 179M

vm_info: OpenJDK 64-Bit Server VM (11.0.7+10) for windows-amd64 JRE (11.0.7+10), built on Apr 22 2020 11:46:09 by "" with MS VC++ 15.9 (VS2017)

END.
